2026-02-18 01:00:23 | health-guard | NO ERRORS | Skipped
2026-02-18 01:00:23 | alfred | NO TASKS | Skipped
2026-02-18 01:10:23 | health-guard | NO ERRORS | Skipped
2026-02-18 01:10:23 | alfred | NO TASKS | Skipped
2026-02-18 01:20:23 | health-guard | NO ERRORS | Skipped
2026-02-18 01:20:23 | marina | NO TASKS | Skipped
2026-02-18 01:20:23 | roberto | NO TASKS | Skipped
2026-02-18 01:20:23 | andres | NO TASKS | Skipped
2026-02-18 01:20:23 | alfred | NO TASKS | Skipped
2026-02-18 01:30:23 | health-guard | NO ERRORS | Skipped
2026-02-18 01:30:24 | alfred | NO TASKS | Skipped
2026-02-18 01:40:23 | health-guard | NO ERRORS | Skipped
2026-02-18 01:40:24 | alfred | NO TASKS | Skipped
2026-02-18 01:50:23 | health-guard | NO ERRORS | Skipped
2026-02-18 01:50:23 | roberto | NO TASKS | Skipped
2026-02-18 01:50:23 | andres | NO TASKS | Skipped
2026-02-18 01:50:23 | marina | NO TASKS | Skipped
2026-02-18 01:50:24 | alfred | NO TASKS | Skipped
2026-02-18 02:00:23 | health-guard | NO ERRORS | Skipped
2026-02-18 02:00:25 | alfred | NO TASKS | Skipped
2026-02-18 02:10:23 | health-guard | NO ERRORS | Skipped
2026-02-18 02:10:25 | alfred | NO TASKS | Skipped
2026-02-18 02:20:23 | health-guard | NO ERRORS | Skipped
2026-02-18 02:20:24 | marina | NO TASKS | Skipped
2026-02-18 02:20:24 | andres | NO TASKS | Skipped
2026-02-18 02:20:24 | roberto | NO TASKS | Skipped
2026-02-18 02:20:26 | alfred | NO TASKS | Skipped
2026-02-18 02:30:23 | health-guard | NO ERRORS | Skipped
2026-02-18 02:30:26 | alfred | NO TASKS | Skipped
2026-02-18 02:40:23 | health-guard | NO ERRORS | Skipped
2026-02-18 02:40:26 | alfred | NO TASKS | Skipped
2026-02-18 02:50:23 | health-guard | NO ERRORS | Skipped
2026-02-18 02:50:24 | roberto | NO TASKS | Skipped
2026-02-18 02:50:24 | marina | NO TASKS | Skipped
2026-02-18 02:50:24 | andres | NO TASKS | Skipped
2026-02-18 02:50:27 | alfred | NO TASKS | Skipped
2026-02-18 03:00:23 | health-guard | NO ERRORS | Skipped
2026-02-18 03:00:27 | alfred | NO TASKS | Skipped
2026-02-18 03:10:23 | health-guard | NO ERRORS | Skipped
2026-02-18 03:10:27 | alfred | NO TASKS | Skipped
2026-02-18 03:20:24 | health-guard | NO ERRORS | Skipped
2026-02-18 03:20:24 | andres | NO TASKS | Skipped
2026-02-18 03:20:24 | roberto | NO TASKS | Skipped
2026-02-18 03:20:24 | marina | NO TASKS | Skipped
2026-02-18 03:20:28 | alfred | NO TASKS | Skipped
2026-02-18 03:30:24 | health-guard | NO ERRORS | Skipped
2026-02-18 03:30:28 | alfred | NO TASKS | Skipped
2026-02-18 03:40:24 | health-guard | NO ERRORS | Skipped
2026-02-18 03:40:28 | alfred | NO TASKS | Skipped
2026-02-18 03:50:24 | health-guard | NO ERRORS | Skipped
2026-02-18 03:50:24 | andres | NO TASKS | Skipped
2026-02-18 03:50:24 | marina | NO TASKS | Skipped
2026-02-18 03:50:24 | roberto | NO TASKS | Skipped
2026-02-18 03:50:28 | alfred | NO TASKS | Skipped
2026-02-18 04:00:24 | health-guard | NO ERRORS | Skipped
2026-02-18 04:00:28 | alfred | NO TASKS | Skipped
2026-02-18 04:10:24 | health-guard | NO ERRORS | Skipped
2026-02-18 04:10:29 | alfred | NO TASKS | Skipped
2026-02-18 04:20:24 | health-guard | NO ERRORS | Skipped
2026-02-18 04:20:25 | marina | NO TASKS | Skipped
2026-02-18 04:20:25 | andres | NO TASKS | Skipped
2026-02-18 04:20:25 | roberto | NO TASKS | Skipped
2026-02-18 04:20:29 | alfred | NO TASKS | Skipped
2026-02-18 04:30:24 | health-guard | NO ERRORS | Skipped
2026-02-18 04:30:29 | alfred | NO TASKS | Skipped
2026-02-18 04:40:24 | health-guard | NO ERRORS | Skipped
2026-02-18 04:40:32 | alfred | NO TASKS | Skipped
2026-02-18 04:50:24 | health-guard | NO ERRORS | Skipped
2026-02-18 04:50:25 | roberto | NO TASKS | Skipped
2026-02-18 04:50:25 | marina | NO TASKS | Skipped
2026-02-18 04:50:25 | andres | NO TASKS | Skipped
2026-02-18 04:50:32 | alfred | NO TASKS | Skipped
2026-02-18 05:00:24 | health-guard | NO ERRORS | Skipped
2026-02-18 05:00:32 | alfred | NO TASKS | Skipped
2026-02-18 05:10:24 | health-guard | NO ERRORS | Skipped
2026-02-18 05:10:32 | alfred | NO TASKS | Skipped
2026-02-18 05:20:24 | health-guard | NO ERRORS | Skipped
2026-02-18 05:20:25 | marina | NO TASKS | Skipped
2026-02-18 05:20:25 | andres | NO TASKS | Skipped
2026-02-18 05:20:25 | roberto | NO TASKS | Skipped
2026-02-18 05:20:33 | alfred | NO TASKS | Skipped
2026-02-18 05:30:24 | health-guard | NO ERRORS | Skipped
2026-02-18 05:30:33 | alfred | NO TASKS | Skipped
2026-02-18 05:40:24 | health-guard | NO ERRORS | Skipped
2026-02-18 05:40:33 | alfred | NO TASKS | Skipped
2026-02-18 05:50:24 | health-guard | NO ERRORS | Skipped
2026-02-18 05:50:26 | andres | NO TASKS | Skipped
2026-02-18 05:50:26 | roberto | NO TASKS | Skipped
2026-02-18 05:50:26 | marina | NO TASKS | Skipped
2026-02-18 05:50:33 | alfred | NO TASKS | Skipped
2026-02-18 06:00:24 | health-guard | NO ERRORS | Skipped
2026-02-18 06:00:34 | alfred | NO TASKS | Skipped
2026-02-18 06:10:24 | health-guard | NO ERRORS | Skipped
2026-02-18 06:10:34 | alfred | NO TASKS | Skipped
2026-02-18 06:20:24 | health-guard | NO ERRORS | Skipped
2026-02-18 06:20:26 | andres | NO TASKS | Skipped
2026-02-18 06:20:26 | roberto | NO TASKS | Skipped
2026-02-18 06:20:26 | marina | NO TASKS | Skipped
2026-02-18 06:20:34 | alfred | NO TASKS | Skipped
2026-02-18 06:30:24 | health-guard | NO ERRORS | Skipped
2026-02-18 06:30:34 | alfred | NO TASKS | Skipped
2026-02-18 06:40:24 | health-guard | NO ERRORS | Skipped
2026-02-18 06:40:35 | alfred | NO TASKS | Skipped
2026-02-18 06:50:24 | health-guard | NO ERRORS | Skipped
2026-02-18 06:50:26 | marina | NO TASKS | Skipped
2026-02-18 06:50:26 | roberto | NO TASKS | Skipped
2026-02-18 06:50:26 | andres | NO TASKS | Skipped
2026-02-18 06:50:35 | alfred | NO TASKS | Skipped
2026-02-18 07:00:25 | health-guard | NO ERRORS | Skipped
2026-02-18 07:00:35 | alfred | NO TASKS | Skipped
2026-02-18 07:10:25 | health-guard | NO ERRORS | Skipped
2026-02-18 07:10:35 | alfred | NO TASKS | Skipped
2026-02-18 07:20:25 | health-guard | NO ERRORS | Skipped
2026-02-18 07:20:26 | roberto | NO TASKS | Skipped
2026-02-18 07:20:26 | marina | NO TASKS | Skipped
2026-02-18 07:20:26 | andres | NO TASKS | Skipped
2026-02-18 07:20:36 | alfred | NO TASKS | Skipped
2026-02-18 07:30:25 | health-guard | NO ERRORS | Skipped
2026-02-18 07:30:36 | alfred | NO TASKS | Skipped
2026-02-18 07:40:25 | health-guard | NO ERRORS | Skipped
2026-02-18 07:40:36 | alfred | NO TASKS | Skipped
2026-02-18 07:50:25 | health-guard | NO ERRORS | Skipped
2026-02-18 07:50:27 | andres | NO TASKS | Skipped
2026-02-18 07:50:27 | roberto | NO TASKS | Skipped
2026-02-18 07:50:27 | marina | NO TASKS | Skipped
2026-02-18 07:50:37 | alfred | NO TASKS | Skipped
2026-02-18 08:00:25 | health-guard | NO ERRORS | Skipped
2026-02-18 08:00:37 | alfred | NO TASKS | Skipped
2026-02-18 08:10:25 | health-guard | NO ERRORS | Skipped
2026-02-18 08:10:37 | alfred | NO TASKS | Skipped
2026-02-18 08:20:25 | health-guard | NO ERRORS | Skipped
2026-02-18 08:20:27 | andres | NO TASKS | Skipped
2026-02-18 08:20:27 | roberto | NO TASKS | Skipped
2026-02-18 08:20:27 | marina | NO TASKS | Skipped
2026-02-18 08:20:37 | alfred | NO TASKS | Skipped
2026-02-18 08:30:25 | health-guard | NO ERRORS | Skipped
2026-02-18 08:30:37 | alfred | NO TASKS | Skipped
2026-02-18 08:40:25 | health-guard | NO ERRORS | Skipped
2026-02-18 08:40:38 | alfred | NO TASKS | Skipped
2026-02-18 08:50:25 | health-guard | NO ERRORS | Skipped
2026-02-18 08:50:27 | marina | NO TASKS | Skipped
2026-02-18 08:50:27 | roberto | NO TASKS | Skipped
2026-02-18 08:50:27 | andres | NO TASKS | Skipped
2026-02-18 08:50:38 | alfred | NO TASKS | Skipped
2026-02-18 09:00:25 | health-guard | NO ERRORS | Skipped
2026-02-18 09:00:38 | alfred | NO TASKS | Skipped
2026-02-18 09:10:25 | health-guard | NO ERRORS | Skipped
2026-02-18 09:10:39 | alfred | NO TASKS | Skipped
2026-02-18 09:20:25 | health-guard | NO ERRORS | Skipped
2026-02-18 09:20:28 | roberto | NO TASKS | Skipped
2026-02-18 09:20:28 | andres | NO TASKS | Skipped
2026-02-18 09:20:28 | marina | TASKS FOUND (1) | Triggering marina-task-poll
2026-02-18 09:20:39 | alfred | NO TASKS | Skipped
{
  "ok": true,
  "ran": true
}
2026-02-18 09:30:25 | health-guard | NO ERRORS | Skipped
2026-02-18 09:30:39 | alfred | NO TASKS | Skipped
2026-02-18 09:40:25 | health-guard | NO ERRORS | Skipped
2026-02-18 09:40:40 | alfred | NO TASKS | Skipped
2026-02-18 09:50:25 | health-guard | NO ERRORS | Skipped
2026-02-18 09:50:28 | roberto | NO TASKS | Skipped
2026-02-18 09:50:28 | andres | NO TASKS | Skipped
2026-02-18 09:50:40 | alfred | NO TASKS | Skipped
2026-02-18 09:52:20 | marina | NO TASKS | Skipped
2026-02-18 10:00:25 | health-guard | NO ERRORS | Skipped
2026-02-18 10:00:40 | alfred | NO TASKS | Skipped
2026-02-18 10:10:25 | health-guard | NO ERRORS | Skipped
2026-02-18 10:10:40 | alfred | NO TASKS | Skipped
2026-02-18 10:20:25 | health-guard | NO ERRORS | Skipped
2026-02-18 10:20:28 | andres | NO TASKS | Skipped
2026-02-18 10:20:28 | roberto | NO TASKS | Skipped
2026-02-18 10:20:41 | alfred | NO TASKS | Skipped
2026-02-18 10:22:20 | marina | NO TASKS | Skipped
2026-02-18 10:30:25 | health-guard | NO ERRORS | Skipped
2026-02-18 10:30:41 | alfred | NO TASKS | Skipped
2026-02-18 10:40:25 | health-guard | NO ERRORS | Skipped
2026-02-18 10:40:41 | alfred | NO TASKS | Skipped
2026-02-18 10:50:26 | health-guard | NO ERRORS | Skipped
2026-02-18 10:50:28 | roberto | NO TASKS | Skipped
2026-02-18 10:50:28 | andres | NO TASKS | Skipped
2026-02-18 10:50:41 | alfred | NO TASKS | Skipped
2026-02-18 10:52:20 | marina | NO TASKS | Skipped
2026-02-18 11:00:26 | health-guard | NO ERRORS | Skipped
2026-02-18 11:00:42 | alfred | NO TASKS | Skipped
2026-02-18 11:10:26 | health-guard | NO ERRORS | Skipped
2026-02-18 11:10:42 | alfred | NO TASKS | Skipped
2026-02-18 11:20:26 | health-guard | NO ERRORS | Skipped
2026-02-18 11:20:29 | andres | NO TASKS | Skipped
2026-02-18 11:20:29 | roberto | NO TASKS | Skipped
2026-02-18 11:20:42 | alfred | NO TASKS | Skipped
2026-02-18 11:22:21 | marina | NO TASKS | Skipped
2026-02-18 11:30:26 | health-guard | NO ERRORS | Skipped
2026-02-18 11:30:43 | alfred | NO TASKS | Skipped
2026-02-18 11:40:26 | health-guard | NO ERRORS | Skipped
2026-02-18 11:40:43 | alfred | NO TASKS | Skipped
2026-02-18 11:50:26 | health-guard | NO ERRORS | Skipped
2026-02-18 11:50:29 | andres | NO TASKS | Skipped
2026-02-18 11:50:29 | roberto | NO TASKS | Skipped
2026-02-18 11:50:43 | alfred | NO TASKS | Skipped
2026-02-18 11:52:21 | marina | NO TASKS | Skipped
2026-02-18 12:00:26 | health-guard | NO ERRORS | Skipped
2026-02-18 12:00:43 | alfred | NO TASKS | Skipped
2026-02-18 12:10:26 | health-guard | NO ERRORS | Skipped
2026-02-18 12:10:43 | alfred | NO TASKS | Skipped
2026-02-18 12:20:26 | health-guard | NO ERRORS | Skipped
2026-02-18 12:20:29 | roberto | NO TASKS | Skipped
2026-02-18 12:20:29 | andres | NO TASKS | Skipped
2026-02-18 12:20:44 | alfred | NO TASKS | Skipped
2026-02-18 12:22:21 | marina | NO TASKS | Skipped
2026-02-18 12:30:26 | health-guard | NO ERRORS | Skipped
2026-02-18 12:30:44 | alfred | NO TASKS | Skipped
2026-02-18 12:40:26 | health-guard | NO ERRORS | Skipped
2026-02-18 12:40:44 | alfred | NO TASKS | Skipped
2026-02-18 12:50:26 | health-guard | NO ERRORS | Skipped
2026-02-18 12:50:29 | roberto | NO TASKS | Skipped
2026-02-18 12:50:29 | andres | NO TASKS | Skipped
2026-02-18 12:50:45 | alfred | NO TASKS | Skipped
2026-02-18 12:52:22 | marina | NO TASKS | Skipped
2026-02-18 13:00:26 | health-guard | NO ERRORS | Skipped
2026-02-18 13:00:45 | alfred | NO TASKS | Skipped
2026-02-18 13:10:26 | health-guard | NO ERRORS | Skipped
2026-02-18 13:10:45 | alfred | NO TASKS | Skipped
2026-02-18 13:20:26 | health-guard | NO ERRORS | Skipped
2026-02-18 13:20:30 | roberto | NO TASKS | Skipped
2026-02-18 13:20:30 | andres | NO TASKS | Skipped
2026-02-18 13:20:46 | alfred | NO TASKS | Skipped
2026-02-18 13:22:22 | marina | NO TASKS | Skipped
2026-02-18 13:30:26 | health-guard | NO ERRORS | Skipped
2026-02-18 13:30:46 | alfred | NO TASKS | Skipped
2026-02-18 13:40:26 | health-guard | NO ERRORS | Skipped
2026-02-18 13:40:46 | alfred | NO TASKS | Skipped
2026-02-18 13:50:26 | health-guard | NO ERRORS | Skipped
2026-02-18 13:50:30 | andres | NO TASKS | Skipped
2026-02-18 13:50:30 | roberto | NO TASKS | Skipped
2026-02-18 13:50:46 | alfred | NO TASKS | Skipped
2026-02-18 13:52:22 | marina | NO TASKS | Skipped
2026-02-18 14:00:26 | health-guard | NO ERRORS | Skipped
2026-02-18 14:00:47 | alfred | NO TASKS | Skipped
2026-02-18 14:10:26 | health-guard | NO ERRORS | Skipped
2026-02-18 14:10:47 | alfred | NO TASKS | Skipped
2026-02-18 14:20:26 | health-guard | NO ERRORS | Skipped
2026-02-18 14:20:30 | andres | NO TASKS | Skipped
2026-02-18 14:20:30 | roberto | NO TASKS | Skipped
2026-02-18 14:20:47 | alfred | NO TASKS | Skipped
2026-02-18 14:22:22 | marina | NO TASKS | Skipped
2026-02-18 14:30:26 | health-guard | NO ERRORS | Skipped
2026-02-18 14:30:48 | alfred | NO TASKS | Skipped
2026-02-18 14:40:26 | health-guard | NO ERRORS | Skipped
2026-02-18 14:40:48 | alfred | NO TASKS | Skipped
2026-02-18 14:50:27 | health-guard | NO ERRORS | Skipped
2026-02-18 14:50:30 | roberto | NO TASKS | Skipped
2026-02-18 14:50:30 | andres | NO TASKS | Skipped
2026-02-18 14:50:48 | alfred | NO TASKS | Skipped
2026-02-18 14:52:22 | marina | NO TASKS | Skipped
2026-02-18 15:00:27 | health-guard | NO ERRORS | Skipped
2026-02-18 15:00:49 | alfred | NO TASKS | Skipped
2026-02-18 15:10:27 | health-guard | NO ERRORS | Skipped
2026-02-18 15:10:49 | alfred | NO TASKS | Skipped
2026-02-18 15:20:27 | health-guard | NO ERRORS | Skipped
2026-02-18 15:20:31 | roberto | NO TASKS | Skipped
2026-02-18 15:20:31 | andres | NO TASKS | Skipped
2026-02-18 15:20:49 | alfred | NO TASKS | Skipped
2026-02-18 15:22:23 | marina | NO TASKS | Skipped
2026-02-18 15:30:27 | health-guard | NO ERRORS | Skipped
2026-02-18 15:30:49 | alfred | NO TASKS | Skipped
2026-02-18 15:40:27 | health-guard | NO ERRORS | Skipped
2026-02-18 15:40:50 | alfred | NO TASKS | Skipped
2026-02-18 15:50:27 | health-guard | NO ERRORS | Skipped
2026-02-18 15:50:31 | roberto | NO TASKS | Skipped
2026-02-18 15:50:31 | andres | NO TASKS | Skipped
2026-02-18 15:50:50 | alfred | NO TASKS | Skipped
2026-02-18 15:52:23 | marina | NO TASKS | Skipped
2026-02-18 16:00:27 | health-guard | NO ERRORS | Skipped
2026-02-18 16:00:50 | alfred | NO TASKS | Skipped
2026-02-18 16:10:27 | health-guard | NO ERRORS | Skipped
2026-02-18 16:10:51 | alfred | NO TASKS | Skipped
2026-02-18 16:20:27 | health-guard | NO ERRORS | Skipped
2026-02-18 16:20:31 | roberto | NO TASKS | Skipped
2026-02-18 16:20:31 | andres | NO TASKS | Skipped
2026-02-18 16:20:51 | alfred | NO TASKS | Skipped
2026-02-18 16:22:24 | marina | NO TASKS | Skipped
2026-02-18 16:30:27 | health-guard | NO ERRORS | Skipped
2026-02-18 16:30:51 | alfred | NO TASKS | Skipped
2026-02-18 16:40:27 | health-guard | NO ERRORS | Skipped
2026-02-18 16:40:51 | alfred | NO TASKS | Skipped
2026-02-18 16:50:27 | health-guard | NO ERRORS | Skipped
2026-02-18 16:50:32 | roberto | NO TASKS | Skipped
2026-02-18 16:50:32 | andres | NO TASKS | Skipped
2026-02-18 16:50:52 | alfred | NO TASKS | Skipped
2026-02-18 16:52:24 | marina | NO TASKS | Skipped
2026-02-18 17:00:27 | health-guard | NO ERRORS | Skipped
2026-02-18 17:00:52 | alfred | NO TASKS | Skipped
2026-02-18 17:10:27 | health-guard | NO ERRORS | Skipped
2026-02-18 17:10:52 | alfred | NO TASKS | Skipped
2026-02-18 17:20:27 | health-guard | NO ERRORS | Skipped
2026-02-18 17:20:32 | roberto | NO TASKS | Skipped
2026-02-18 17:20:32 | andres | NO TASKS | Skipped
2026-02-18 17:20:53 | alfred | NO TASKS | Skipped
2026-02-18 17:22:24 | marina | NO TASKS | Skipped
2026-02-18 17:30:27 | health-guard | NO ERRORS | Skipped
2026-02-18 17:30:53 | alfred | NO TASKS | Skipped
2026-02-18 17:40:27 | health-guard | NO ERRORS | Skipped
2026-02-18 17:40:53 | alfred | NO TASKS | Skipped
2026-02-18 17:50:27 | health-guard | NO ERRORS | Skipped
2026-02-18 17:50:32 | roberto | NO TASKS | Skipped
2026-02-18 17:50:32 | andres | NO TASKS | Skipped
2026-02-18 17:50:53 | alfred | TASKS FOUND (1) | Triggering alfred-process-own-tasks
2026-02-18 17:52:25 | marina | TASKS FOUND (1) | Triggering marina-task-poll
{
  "ok": true,
  "ran": true
}
{
  "ok": true,
  "ran": true
}
2026-02-18 18:00:27 | health-guard | NO ERRORS | Skipped
2026-02-18 18:03:00 | alfred | TASKS FOUND (1) | Triggering alfred-process-own-tasks
{
  "ok": true,
  "ran": true
}
2026-02-18 18:10:27 | health-guard | NO ERRORS | Skipped
2026-02-18 18:15:11 | alfred | TASKS FOUND (1) | Triggering alfred-process-own-tasks
{
  "ok": true,
  "ran": true
}
2026-02-18 18:20:27 | health-guard | NO ERRORS | Skipped
2026-02-18 18:20:33 | roberto | NO TASKS | Skipped
2026-02-18 18:20:33 | andres | NO TASKS | Skipped
2026-02-18 18:25:04 | marina | TASKS FOUND (1) | Triggering marina-task-poll
{
  "ok": true,
  "ran": true
}
2026-02-18 18:26:41 | alfred | TASKS FOUND (1) | Triggering alfred-process-own-tasks
{
  "ok": true,
  "ran": true
}
2026-02-18 18:30:27 | health-guard | NO ERRORS | Skipped
2026-02-18 18:37:14 | alfred | TASKS FOUND (1) | Triggering alfred-process-own-tasks
{
  "ok": true,
  "ran": true
}
2026-02-18 18:40:28 | health-guard | NO ERRORS | Skipped
2026-02-18 18:47:54 | alfred | TASKS FOUND (1) | Triggering alfred-process-own-tasks
{
  "ok": true,
  "ran": true
}
2026-02-18 18:50:28 | health-guard | NO ERRORS | Skipped
2026-02-18 18:50:33 | andres | NO TASKS | Skipped
2026-02-18 18:50:33 | roberto | NO TASKS | Skipped
2026-02-18 18:56:29 | marina | NO TASKS | Skipped
2026-02-18 19:00:15 | alfred | TASKS FOUND (1) | Triggering alfred-process-own-tasks
2026-02-18 19:00:28 | health-guard | NO ERRORS | Skipped
{
  "ok": true,
  "ran": true
}
2026-02-18 19:10:28 | health-guard | NO ERRORS | Skipped
2026-02-18 19:12:47 | alfred | TASKS FOUND (1) | Triggering alfred-process-own-tasks
{
  "ok": true,
  "ran": true
}
2026-02-18 19:20:28 | health-guard | NO ERRORS | Skipped
2026-02-18 19:20:33 | roberto | NO TASKS | Skipped
2026-02-18 19:20:33 | andres | NO TASKS | Skipped
2026-02-18 19:25:29 | alfred | TASKS FOUND (1) | Triggering alfred-process-own-tasks
2026-02-18 19:26:30 | marina | NO TASKS | Skipped
{
  "ok": true,
  "ran": true
}
2026-02-18 19:30:28 | health-guard | NO ERRORS | Skipped
2026-02-18 19:38:06 | alfred | TASKS FOUND (1) | Triggering alfred-process-own-tasks
{
  "ok": true,
  "ran": true
}
2026-02-18 19:40:28 | health-guard | NO ERRORS | Skipped
2026-02-18 19:49:21 | alfred | TASKS FOUND (1) | Triggering alfred-process-own-tasks
{
  "ok": true,
  "ran": true
}
2026-02-18 19:50:28 | health-guard | NO ERRORS | Skipped
2026-02-18 19:50:34 | andres | NO TASKS | Skipped
2026-02-18 19:50:34 | roberto | NO TASKS | Skipped
2026-02-18 19:56:30 | marina | NO TASKS | Skipped
2026-02-18 19:59:50 | alfred | TASKS FOUND (1) | Triggering alfred-process-own-tasks
{
  "ok": true,
  "ran": true
}
2026-02-18 20:00:28 | health-guard | NO ERRORS | Skipped
2026-02-18 20:10:22 | alfred | TASKS FOUND (1) | Triggering alfred-process-own-tasks
2026-02-18 20:10:28 | health-guard | NO ERRORS | Skipped
{
  "ok": true,
  "ran": true
}
2026-02-18 20:20:28 | health-guard | NO ERRORS | Skipped
2026-02-18 20:20:34 | andres | NO TASKS | Skipped
2026-02-18 20:20:34 | roberto | NO TASKS | Skipped
2026-02-18 20:21:04 | alfred | TASKS FOUND (1) | Triggering alfred-process-own-tasks
{
  "ok": true,
  "ran": true
}
2026-02-18 20:26:31 | marina | NO TASKS | Skipped
2026-02-18 20:30:28 | health-guard | NO ERRORS | Skipped
2026-02-18 20:31:44 | alfred | TASKS FOUND (1) | Triggering alfred-process-own-tasks
{
  "ok": true,
  "ran": true
}
2026-02-18 20:40:28 | health-guard | NO ERRORS | Skipped
2026-02-18 20:42:24 | alfred | TASKS FOUND (1) | Triggering alfred-process-own-tasks
{
  "ok": true,
  "ran": true
}
2026-02-18 20:50:28 | health-guard | NO ERRORS | Skipped
2026-02-18 20:50:34 | andres | NO TASKS | Skipped
2026-02-18 20:50:34 | roberto | NO TASKS | Skipped
2026-02-18 20:55:01 | alfred | TASKS FOUND (1) | Triggering alfred-process-own-tasks
{
  "ok": true,
  "ran": true
}
2026-02-18 20:56:31 | marina | NO TASKS | Skipped
2026-02-18 21:00:28 | health-guard | NO ERRORS | Skipped
2026-02-18 21:05:28 | alfred | TASKS FOUND (1) | Triggering alfred-process-own-tasks
{
  "ok": true,
  "ran": true
}
2026-02-18 21:10:28 | health-guard | NO ERRORS | Skipped
2026-02-18 21:18:41 | alfred | TASKS FOUND (1) | Triggering alfred-process-own-tasks
2026-02-18 21:20:28 | health-guard | NO ERRORS | Skipped
2026-02-18 21:20:35 | andres | NO TASKS | Skipped
2026-02-18 21:20:35 | roberto | NO TASKS | Skipped
{
  "ok": true,
  "ran": true
}
2026-02-18 21:26:32 | marina | NO TASKS | Skipped
2026-02-18 21:30:28 | health-guard | NO ERRORS | Skipped
2026-02-18 21:31:08 | alfred | TASKS FOUND (1) | Triggering alfred-process-own-tasks
{
  "ok": true,
  "ran": true
}
2026-02-18 21:40:28 | health-guard | NO ERRORS | Skipped
2026-02-18 21:42:24 | alfred | TASKS FOUND (1) | Triggering alfred-process-own-tasks
{
  "ok": true,
  "ran": true
}
2026-02-18 21:50:28 | health-guard | NO ERRORS | Skipped
2026-02-18 21:50:35 | andres | NO TASKS | Skipped
2026-02-18 21:50:35 | roberto | NO TASKS | Skipped
2026-02-18 21:54:46 | alfred | TASKS FOUND (1) | Triggering alfred-process-own-tasks
2026-02-18 21:56:32 | marina | NO TASKS | Skipped
{
  "ok": true,
  "ran": true
}
2026-02-18 22:00:28 | health-guard | NO ERRORS | Skipped
2026-02-18 22:07:28 | alfred | TASKS FOUND (1) | Triggering alfred-process-own-tasks
{
  "ok": true,
  "ran": true
}
2026-02-18 22:10:28 | health-guard | NO ERRORS | Skipped
2026-02-18 22:19:19 | alfred | TASKS FOUND (1) | Triggering alfred-process-own-tasks
2026-02-18 22:20:29 | health-guard | NO ERRORS | Skipped
2026-02-18 22:20:35 | andres | NO TASKS | Skipped
2026-02-18 22:20:35 | roberto | NO TASKS | Skipped
{
  "ok": true,
  "ran": true
}
2026-02-18 22:26:33 | marina | NO TASKS | Skipped
2026-02-18 22:30:29 | health-guard | NO ERRORS | Skipped
2026-02-18 22:30:40 | alfred | TASKS FOUND (1) | Triggering alfred-process-own-tasks
{
  "ok": true,
  "ran": true
}
2026-02-18 22:40:29 | health-guard | NO ERRORS | Skipped
2026-02-18 22:43:22 | alfred | TASKS FOUND (1) | Triggering alfred-process-own-tasks
{
  "ok": true,
  "ran": true
}
2026-02-18 22:50:29 | health-guard | NO ERRORS | Skipped
2026-02-18 22:50:36 | andres | NO TASKS | Skipped
2026-02-18 22:50:36 | roberto | NO TASKS | Skipped
2026-02-18 22:54:09 | alfred | TASKS FOUND (1) | Triggering alfred-process-own-tasks
{
  "ok": true,
  "ran": true
}
2026-02-18 22:56:33 | marina | NO TASKS | Skipped
2026-02-18 23:00:29 | health-guard | NO ERRORS | Skipped
2026-02-18 23:04:38 | alfred | TASKS FOUND (1) | Triggering alfred-process-own-tasks
{
  "ok": true,
  "ran": true
}
2026-02-18 23:10:29 | health-guard | NO ERRORS | Skipped
2026-02-18 23:15:31 | alfred | TASKS FOUND (1) | Triggering alfred-process-own-tasks
{
  "ok": true,
  "ran": true
}
2026-02-18 23:20:29 | health-guard | NO ERRORS | Skipped
2026-02-18 23:20:36 | roberto | NO TASKS | Skipped
2026-02-18 23:20:36 | andres | NO TASKS | Skipped
2026-02-18 23:26:34 | marina | NO TASKS | Skipped
2026-02-18 23:28:16 | alfred | TASKS FOUND (1) | Triggering alfred-process-own-tasks
{
  "ok": true,
  "ran": true
}
2026-02-18 23:30:29 | health-guard | NO ERRORS | Skipped
2026-02-18 23:39:58 | alfred | TASKS FOUND (1) | Triggering alfred-process-own-tasks
2026-02-18 23:40:29 | health-guard | NO ERRORS | Skipped
{
  "ok": true,
  "ran": true
}
2026-02-18 23:50:29 | health-guard | NO ERRORS | Skipped
2026-02-18 23:50:36 | andres | NO TASKS | Skipped
2026-02-18 23:50:36 | roberto | NO TASKS | Skipped
2026-02-18 23:51:49 | alfred | TASKS FOUND (1) | Triggering alfred-process-own-tasks
{
  "ok": true,
  "ran": true
}
2026-02-18 23:56:34 | marina | NO TASKS | Skipped
2026-02-19 00:00:29 | health-guard | NO ERRORS | Skipped
2026-02-19 00:04:07 | alfred | TASKS FOUND (1) | Triggering alfred-process-own-tasks
{
  "ok": true,
  "ran": true
}
2026-02-19 00:10:29 | health-guard | NO ERRORS | Skipped
2026-02-19 00:14:49 | alfred | TASKS FOUND (1) | Triggering alfred-process-own-tasks
{
  "ok": true,
  "ran": true
}
2026-02-19 00:20:29 | health-guard | NO ERRORS | Skipped
2026-02-19 00:20:37 | andres | NO TASKS | Skipped
2026-02-19 00:20:37 | roberto | NO TASKS | Skipped
2026-02-19 00:25:31 | alfred | TASKS FOUND (1) | Triggering alfred-process-own-tasks
2026-02-19 00:26:34 | marina | NO TASKS | Skipped
{
  "ok": true,
  "ran": true
}
2026-02-19 00:30:29 | health-guard | NO ERRORS | Skipped
2026-02-19 00:36:51 | alfred | TASKS FOUND (1) | Triggering alfred-process-own-tasks
{
  "ok": true,
  "ran": true
}
2026-02-19 00:40:29 | health-guard | NO ERRORS | Skipped
2026-02-19 00:47:50 | alfred | TASKS FOUND (1) | Triggering alfred-process-own-tasks
{
  "ok": true,
  "ran": true
}
2026-02-19 00:50:29 | health-guard | NO ERRORS | Skipped
2026-02-19 00:50:37 | andres | NO TASKS | Skipped
2026-02-19 00:50:37 | roberto | NO TASKS | Skipped
2026-02-19 00:56:34 | marina | NO TASKS | Skipped
2026-02-19 01:00:08 | alfred | TASKS FOUND (1) | Triggering alfred-process-own-tasks
2026-02-19 01:00:29 | health-guard | NO ERRORS | Skipped
{
  "ok": true,
  "ran": true
}
2026-02-19 01:10:29 | health-guard | NO ERRORS | Skipped
2026-02-19 01:11:04 | alfred | TASKS FOUND (1) | Triggering alfred-process-own-tasks
{
  "ok": true,
  "ran": true
}
2026-02-19 01:20:29 | health-guard | NO ERRORS | Skipped
2026-02-19 01:20:37 | roberto | NO TASKS | Skipped
2026-02-19 01:20:37 | andres | NO TASKS | Skipped
2026-02-19 01:25:34 | alfred | TASKS FOUND (1) | Triggering alfred-process-own-tasks
2026-02-19 01:26:35 | marina | NO TASKS | Skipped
{
  "ok": true,
  "ran": true
}
2026-02-19 01:30:29 | health-guard | NO ERRORS | Skipped
2026-02-19 01:37:59 | alfred | TASKS FOUND (1) | Triggering alfred-process-own-tasks
{
  "ok": true,
  "ran": true
}
2026-02-19 01:40:29 | health-guard | NO ERRORS | Skipped
2026-02-19 01:49:41 | alfred | TASKS FOUND (1) | Triggering alfred-process-own-tasks
{
  "ok": true,
  "ran": true
}
2026-02-19 01:50:29 | health-guard | NO ERRORS | Skipped
2026-02-19 01:50:38 | roberto | NO TASKS | Skipped
2026-02-19 01:50:38 | andres | NO TASKS | Skipped
2026-02-19 01:56:35 | marina | NO TASKS | Skipped
2026-02-19 02:00:06 | alfred | TASKS FOUND (1) | Triggering alfred-process-own-tasks
2026-02-19 02:00:30 | health-guard | NO ERRORS | Skipped
{
  "ok": true,
  "ran": true
}
2026-02-19 02:10:30 | health-guard | NO ERRORS | Skipped
2026-02-19 02:11:42 | alfred | TASKS FOUND (1) | Triggering alfred-process-own-tasks
{
  "ok": true,
  "ran": true
}
2026-02-19 02:20:30 | health-guard | NO ERRORS | Skipped
2026-02-19 02:20:38 | andres | NO TASKS | Skipped
2026-02-19 02:20:38 | roberto | NO TASKS | Skipped
2026-02-19 02:23:35 | alfred | TASKS FOUND (1) | Triggering alfred-process-own-tasks
{
  "ok": true,
  "ran": true
}
2026-02-19 02:26:35 | marina | NO TASKS | Skipped
2026-02-19 02:30:30 | health-guard | NO ERRORS | Skipped
2026-02-19 02:35:28 | alfred | TASKS FOUND (1) | Triggering alfred-process-own-tasks
{
  "ok": true,
  "ran": true
}
2026-02-19 02:40:30 | health-guard | NO ERRORS | Skipped
2026-02-19 02:46:04 | alfred | TASKS FOUND (1) | Triggering alfred-process-own-tasks
{
  "ok": true,
  "ran": true
}
2026-02-19 02:50:30 | health-guard | NO ERRORS | Skipped
2026-02-19 02:50:38 | andres | NO TASKS | Skipped
2026-02-19 02:50:38 | roberto | NO TASKS | Skipped
2026-02-19 02:56:36 | marina | NO TASKS | Skipped
2026-02-19 02:56:46 | alfred | TASKS FOUND (1) | Triggering alfred-process-own-tasks
2026-02-19 03:00:30 | health-guard | NO ERRORS | Skipped
Error: gateway timeout after 600000ms
Gateway target: ws://127.0.0.1:18789
Source: local loopback
Config: /Users/alfredpifi/.openclaw/openclaw.json
Bind: loopback
2026-02-19 02:56:46 | alfred | ERROR triggering alfred-process-own-tasks
2026-02-19 03:10:30 | health-guard | NO ERRORS | Skipped
2026-02-19 03:16:47 | alfred | TASKS FOUND (1) | Triggering alfred-process-own-tasks
2026-02-19 03:20:30 | health-guard | NO ERRORS | Skipped
2026-02-19 03:20:39 | roberto | NO TASKS | Skipped
2026-02-19 03:20:39 | andres | NO TASKS | Skipped
2026-02-19 03:26:36 | marina | NO TASKS | Skipped
Error: gateway timeout after 600000ms
Gateway target: ws://127.0.0.1:18789
Source: local loopback
Config: /Users/alfredpifi/.openclaw/openclaw.json
Bind: loopback
2026-02-19 03:16:47 | alfred | ERROR triggering alfred-process-own-tasks
2026-02-19 03:30:30 | health-guard | NO ERRORS | Skipped
2026-02-19 03:36:48 | alfred | TASKS FOUND (1) | Triggering alfred-process-own-tasks
{
  "ok": true,
  "ran": true
}
2026-02-19 03:40:30 | health-guard | NO ERRORS | Skipped
2026-02-19 03:48:15 | alfred | TASKS FOUND (1) | Triggering alfred-process-own-tasks
{
  "ok": true,
  "ran": true
}
2026-02-19 03:50:30 | health-guard | NO ERRORS | Skipped
2026-02-19 03:50:39 | roberto | NO TASKS | Skipped
2026-02-19 03:50:39 | andres | NO TASKS | Skipped
2026-02-19 03:56:36 | marina | NO TASKS | Skipped
2026-02-19 04:00:11 | alfred | TASKS FOUND (1) | Triggering alfred-process-own-tasks
2026-02-19 04:00:30 | health-guard | NO ERRORS | Skipped
{
  "ok": true,
  "ran": true
}
2026-02-19 04:10:30 | health-guard | NO ERRORS | Skipped
2026-02-19 04:10:41 | alfred | TASKS FOUND (1) | Triggering alfred-process-own-tasks
{
  "ok": true,
  "ran": true
}
2026-02-19 04:20:30 | health-guard | NO ERRORS | Skipped
2026-02-19 04:20:39 | roberto | NO TASKS | Skipped
2026-02-19 04:20:39 | andres | NO TASKS | Skipped
2026-02-19 04:22:50 | alfred | TASKS FOUND (1) | Triggering alfred-process-own-tasks
{
  "ok": true,
  "ran": true
}
2026-02-19 04:26:37 | marina | NO TASKS | Skipped
2026-02-19 04:30:30 | health-guard | NO ERRORS | Skipped
2026-02-19 04:33:25 | alfred | TASKS FOUND (1) | Triggering alfred-process-own-tasks
{
  "ok": true,
  "ran": true
}
2026-02-19 04:40:30 | health-guard | NO ERRORS | Skipped
2026-02-19 04:43:59 | alfred | TASKS FOUND (1) | Triggering alfred-process-own-tasks
{
  "ok": true,
  "ran": true
}
2026-02-19 04:50:30 | health-guard | NO ERRORS | Skipped
2026-02-19 04:50:39 | andres | NO TASKS | Skipped
2026-02-19 04:50:39 | roberto | NO TASKS | Skipped
2026-02-19 04:55:48 | alfred | TASKS FOUND (1) | Triggering alfred-process-own-tasks
2026-02-19 04:56:37 | marina | NO TASKS | Skipped
{
  "ok": true,
  "ran": true
}
2026-02-19 05:00:30 | health-guard | NO ERRORS | Skipped
2026-02-19 05:08:03 | alfred | TASKS FOUND (1) | Triggering alfred-process-own-tasks
{
  "ok": true,
  "ran": true
}
2026-02-19 05:10:30 | health-guard | NO ERRORS | Skipped
2026-02-19 05:18:40 | alfred | TASKS FOUND (1) | Triggering alfred-process-own-tasks
2026-02-19 05:20:30 | health-guard | NO ERRORS | Skipped
2026-02-19 05:20:40 | roberto | NO TASKS | Skipped
2026-02-19 05:20:40 | andres | NO TASKS | Skipped
2026-02-19 05:26:37 | marina | NO TASKS | Skipped
Error: gateway timeout after 600000ms
Gateway target: ws://127.0.0.1:18789
Source: local loopback
Config: /Users/alfredpifi/.openclaw/openclaw.json
Bind: loopback
2026-02-19 05:18:40 | alfred | ERROR triggering alfred-process-own-tasks
2026-02-19 05:30:30 | health-guard | NO ERRORS | Skipped
2026-02-19 05:38:41 | alfred | TASKS FOUND (1) | Triggering alfred-process-own-tasks
2026-02-19 05:40:31 | health-guard | NO ERRORS | Skipped
Error: gateway timeout after 600000ms
Gateway target: ws://127.0.0.1:18789
Source: local loopback
Config: /Users/alfredpifi/.openclaw/openclaw.json
Bind: loopback
2026-02-19 05:38:41 | alfred | ERROR triggering alfred-process-own-tasks
2026-02-19 05:50:31 | health-guard | NO ERRORS | Skipped
2026-02-19 05:50:40 | andres | NO TASKS | Skipped
2026-02-19 05:50:40 | roberto | NO TASKS | Skipped
2026-02-19 05:56:38 | marina | NO TASKS | Skipped
2026-02-19 05:58:42 | alfred | TASKS FOUND (1) | Triggering alfred-process-own-tasks
{
  "ok": true,
  "ran": true
}
2026-02-19 06:00:31 | health-guard | NO ERRORS | Skipped
2026-02-19 06:10:21 | alfred | TASKS FOUND (1) | Triggering alfred-process-own-tasks
2026-02-19 06:10:31 | health-guard | NO ERRORS | Skipped
{
  "ok": true,
  "ran": true
}
2026-02-19 06:20:31 | health-guard | NO ERRORS | Skipped
2026-02-19 06:20:40 | andres | NO TASKS | Skipped
2026-02-19 06:20:40 | roberto | NO TASKS | Skipped
2026-02-19 06:21:01 | alfred | TASKS FOUND (1) | Triggering alfred-process-own-tasks
{
  "ok": true,
  "ran": true
}
2026-02-19 06:26:38 | marina | NO TASKS | Skipped
2026-02-19 06:30:31 | health-guard | NO ERRORS | Skipped
2026-02-19 06:31:44 | alfred | TASKS FOUND (1) | Triggering alfred-process-own-tasks
{
  "ok": true,
  "ran": true
}
2026-02-19 06:40:31 | health-guard | NO ERRORS | Skipped
2026-02-19 06:44:52 | alfred | TASKS FOUND (1) | Triggering alfred-process-own-tasks
{
  "ok": true,
  "ran": true
}
2026-02-19 06:50:31 | health-guard | NO ERRORS | Skipped
2026-02-19 06:50:41 | roberto | NO TASKS | Skipped
2026-02-19 06:50:41 | andres | NO TASKS | Skipped
2026-02-19 06:56:04 | alfred | TASKS FOUND (1) | Triggering alfred-process-own-tasks
{
  "ok": true,
  "ran": true
}
2026-02-19 06:56:38 | marina | NO TASKS | Skipped
2026-02-19 07:00:31 | health-guard | NO ERRORS | Skipped
2026-02-19 07:06:38 | alfred | TASKS FOUND (1) | Triggering alfred-process-own-tasks
{
  "ok": true,
  "ran": true
}
2026-02-19 07:10:31 | health-guard | NO ERRORS | Skipped
2026-02-19 07:18:11 | alfred | TASKS FOUND (1) | Triggering alfred-process-own-tasks
{
  "ok": true,
  "ran": true
}
2026-02-19 07:20:31 | health-guard | NO ERRORS | Skipped
2026-02-19 07:20:41 | andres | NO TASKS | Skipped
2026-02-19 07:20:41 | roberto | NO TASKS | Skipped
2026-02-19 07:26:39 | marina | NO TASKS | Skipped
2026-02-19 07:28:47 | alfred | TASKS FOUND (1) | Triggering alfred-process-own-tasks
2026-02-19 07:30:31 | health-guard | NO ERRORS | Skipped
{
  "ok": true,
  "ran": true
}
2026-02-19 07:40:31 | health-guard | NO ERRORS | Skipped
2026-02-19 07:41:21 | alfred | TASKS FOUND (1) | Triggering alfred-process-own-tasks
{
  "ok": true,
  "ran": true
}
2026-02-19 07:50:31 | health-guard | NO ERRORS | Skipped
2026-02-19 07:50:41 | roberto | NO TASKS | Skipped
2026-02-19 07:50:41 | andres | NO TASKS | Skipped
2026-02-19 07:53:35 | alfred | TASKS FOUND (1) | Triggering alfred-process-own-tasks
{
  "ok": true,
  "ran": true
}
2026-02-19 07:56:39 | marina | NO TASKS | Skipped
2026-02-19 08:00:31 | health-guard | NO ERRORS | Skipped
2026-02-19 08:05:09 | alfred | TASKS FOUND (1) | Triggering alfred-process-own-tasks
{
  "ok": true,
  "ran": true
}
2026-02-19 08:10:31 | health-guard | NO ERRORS | Skipped
2026-02-19 08:17:51 | alfred | TASKS FOUND (1) | Triggering alfred-process-own-tasks
{
  "ok": true,
  "ran": true
}
2026-02-19 08:20:31 | health-guard | NO ERRORS | Skipped
2026-02-19 08:20:41 | andres | NO TASKS | Skipped
2026-02-19 08:20:41 | roberto | NO TASKS | Skipped
2026-02-19 08:26:39 | marina | NO TASKS | Skipped
2026-02-19 08:29:51 | alfred | TASKS FOUND (1) | Triggering alfred-process-own-tasks
2026-02-19 08:30:31 | health-guard | NO ERRORS | Skipped
{
  "ok": true,
  "ran": true
}
2026-02-19 08:40:31 | health-guard | NO ERRORS | Skipped
2026-02-19 08:41:23 | alfred | TASKS FOUND (1) | Triggering alfred-process-own-tasks
{
  "ok": true,
  "ran": true
}
2026-02-19 08:50:31 | health-guard | NO ERRORS | Skipped
2026-02-19 08:50:42 | andres | NO TASKS | Skipped
2026-02-19 08:50:42 | roberto | NO TASKS | Skipped
2026-02-19 08:53:45 | alfred | TASKS FOUND (1) | Triggering alfred-process-own-tasks
{
  "ok": true,
  "ran": true
}
2026-02-19 08:56:39 | marina | NO TASKS | Skipped
2026-02-19 09:00:31 | health-guard | NO ERRORS | Skipped
2026-02-19 09:05:22 | alfred | TASKS FOUND (1) | Triggering alfred-process-own-tasks
{
  "ok": true,
  "ran": true
}
2026-02-19 09:10:31 | health-guard | NO ERRORS | Skipped
2026-02-19 09:16:03 | alfred | TASKS FOUND (1) | Triggering alfred-process-own-tasks
{
  "ok": true,
  "ran": true
}
2026-02-19 09:20:31 | health-guard | NO ERRORS | Skipped
2026-02-19 09:20:42 | roberto | NO TASKS | Skipped
2026-02-19 09:20:42 | andres | NO TASKS | Skipped
